make all --print-data-base --no-builtin-variables --no-builtin-rules --question
# GNU Make 3.81
# Copyright (C) 2006  Free Software Foundation, Inc.
# This is free software; see the source for copying conditions.
# There is NO warranty; not even for MERCHANTABILITY or FITNESS FOR A
# PARTICULAR PURPOSE.

# This program built for i386-apple-darwin11.3.0

# Make data base, printed on Mon Jun 13 19:09:49 2022

# Variables

# automatic
<D = $(patsubst %/,%,$(dir $<))
# automatic
?F = $(notdir $?)
# makefile (from `Makefile', line 54)
OBJ = $(SRCS:.c=.o)
# environment
VSCODE_LOG_NATIVE = false
# automatic
?D = $(patsubst %/,%,$(dir $?))
# automatic
@D = $(patsubst %/,%,$(dir $@))
# automatic
@F = $(notdir $@)
# makefile
CURDIR := /Users/mike/Desktop/minishell.tmp
# makefile
SHELL = /bin/sh
# makefile (from `Makefile', line 23)
RM = rm -f
# environment
VSCODE_NLS_CONFIG = {"locale":"en-us","availableLanguages":{},"_languagePackSupport":true}
# environment
_ = /usr/bin/make
# makefile (from `Makefile', line 19)
CFLAGS = -Wall -Wextra -Werror -g -I includes/ -I libft/includes/  
# makefile (from `Makefile', line 1)
MAKEFILE_LIST :=  Makefile
# environment
VSCODE_VERBOSE_LOGGING = true
# environment
__CFBundleIdentifier = com.microsoft.VSCode
# environment
INFOPATH = /opt/homebrew/share/info:
# environment
P9K_SSH = 0
# environment
VSCODE_IPC_HOOK_EXTHOST = /var/folders/yv/5wkgy3wd5jd_0zlpgm471rsh0000gn/T/vscode-ipc-ec3b53ae-cbd5-4737-b3d7-f7b49926bf9b.sock
# makefile (from `Makefile', line 21)
READLINE = -L/usr/include -lreadline -I$(HOME)/.brew/opt/readline/include 
# environment
VSCODE_CWD = /
# environment
PATH = /opt/homebrew/bin:/opt/homebrew/sbin:/usr/local/bin:/usr/bin:/bin:/usr/sbin:/sbin:/Library/Apple/usr/bin
# environment
LSCOLORS = Gxfxcxdxbxegedabagacad
# environment
VSCODE_LOG_STACK = false
# environment
ELECTRON_RUN_AS_NODE = 1
# makefile (from `Makefile', line 25)
SRCSFLS = main.c utils.c utils2.c init_environ.c minishell.c minishell2.c minishell3.c minishell4.c minishell5.c minishell6.c minishell7.c pipe.c wildcard.c wildcard2.c wildcard3.c 
# default
.FEATURES := target-specific order-only second-expansion else-if archives jobserver check-symlink
# environment
SSH_AUTH_SOCK = /private/tmp/com.apple.launchd.xpT65SH9Wx/Listeners
# automatic
%F = $(notdir $%)
# environment
VSCODE_PIPE_LOGGING = true
# environment
PWD = /Users/mike/Desktop/minishell.tmp
# environment
HOMEBREW_CELLAR = /opt/homebrew/Cellar
# makefile (from `Makefile', line 41)
BUILTINS = cd.c echo.c echo2.c echo3.c echo4.c pwd.c env.c exit.c export.c unset.c 
# environment
ORIGINAL_XDG_CURRENT_DESKTOP = undefined
# environment
MANPATH = /opt/homebrew/share/man::
# environment
VSCODE_AMD_ENTRYPOINT = vs/workbench/api/node/extensionHostProcess
# environment
HOME = /Users/mike
# default
MAKEFILEPATH = $(shell /usr/bin/xcode-select -print-path 2>/dev/null || echo /Developer)/Makefiles
# environment
VSCODE_CODE_CACHE_PATH = /Users/mike/Library/Application Support/Code/CachedData/4af164ea3a06f701fe3e89a2bcbb421d2026b68f
# environment
LOGNAME = mike
# environment
APPLICATION_INSIGHTS_NO_DIAGNOSTIC_CHANNEL = 1
# environment
ZSH = /Users/mike/.oh-my-zsh
# environment
VSCODE_HANDLES_UNCAUGHT_ERRORS = true
# automatic
^D = $(patsubst %/,%,$(dir $^))
# environment
XPC_FLAGS = 0x0
# default
MAKE = $(MAKE_COMMAND)
# default
MAKECMDGOALS := all
# makefile (from `Makefile', line 52)
SRCS = $(addprefix src/, $(SRCSFLS)) $(addprefix builtins/, $(BUILTINS))
# environment
SHLVL = 1
# makefile (from `Makefile', line 15)
LIBFT = ./libft/libft.a
# makefile (from `Makefile', line 17)
CC = gcc
# default
MAKE_VERSION := 3.81
# environment
USER = mike
# makefile
.DEFAULT_GOAL := minishell
# makefile (from `Makefile', line 13)
NAME = minishell
# environment
LESS = -R
# automatic
%D = $(patsubst %/,%,$(dir $%))
# default
MAKE_COMMAND := /Library/Developer/CommandLineTools/usr/bin/make
# default
.VARIABLES := 
# environment
TMPDIR = /var/folders/yv/5wkgy3wd5jd_0zlpgm471rsh0000gn/T/
# automatic
*F = $(notdir $*)
# environment
VSCODE_IPC_HOOK = /Users/mike/Library/Application Support/Code/1.68.0-main.sock
# makefile
MAKEFLAGS = Rrqp
# environment
MFLAGS = -Rrqp
# automatic
*D = $(patsubst %/,%,$(dir $*))
# environment
XPC_SERVICE_NAME = application.com.microsoft.VSCode.9494259.9494265
# environment
HOMEBREW_PREFIX = /opt/homebrew
# automatic
+D = $(patsubst %/,%,$(dir $+))
# automatic
+F = $(notdir $+)
# environment
HOMEBREW_REPOSITORY = /opt/homebrew
# environment
__CF_USER_TEXT_ENCODING = 0x1F5:0x0:0x0
# environment
COMMAND_MODE = unix2003
# default
MAKEFILES := 
# automatic
<F = $(notdir $<)
# environment
PAGER = less
# environment
LC_ALL = C
# automatic
^F = $(notdir $^)
# default
SUFFIXES := 
# environment
MAKELEVEL := 0
# environment
LANG = C
# environment
VSCODE_PID = 87279
# variable set hash-table stats:
# Load=81/1024=8%, Rehash=0, Collisions=3/114=3%

# Pattern-specific Variable Values

# No pattern-specific variable values.

# Directories

# . (device 16777234, inode 9570847): 11 files, no impossibilities.
# src (device 16777234, inode 9571011): 33 files, no impossibilities so far.
# builtins (device 16777234, inode 9570937): 19 files, no impossibilities so far.

# 63 files, no impossibilities in 3 directories.

# Implicit Rules

%.o: %.c
#  commands to execute (from `Makefile', line 63):
	@$(CC) $(CFLAGS) -c $< -o $@
	

# 1 implicit rules, 0 (0.0%) terminal.

# Files

# Not a target:
builtins/echo2.c:
#  Implicit rule search has been done.
#  Last modified 2022-06-13 19:05:38
#  File has been updated.
#  Successfully updated.
# variable set hash-table stats:
# Load=0/32=0%, Rehash=0, Collisions=0/0=0%

src/wildcard2.o: src/wildcard2.c
#  Implicit rule search has been done.
#  Implicit/static pattern stem: `src/wildcard2'
#  Last modified 2022-06-13 19:08:44
#  File has been updated.
#  Successfully updated.
# variable set hash-table stats:
# Load=0/32=0%, Rehash=0, Collisions=0/0=0%
#  commands to execute (from `Makefile', line 63):
	@$(CC) $(CFLAGS) -c $< -o $@
	

src/utils2.o: src/utils2.c
#  Implicit rule search has been done.
#  Implicit/static pattern stem: `src/utils2'
#  Last modified 2022-06-13 19:08:44
#  File has been updated.
#  Successfully updated.
# variable set hash-table stats:
# Load=0/32=0%, Rehash=0, Collisions=0/0=0%
#  commands to execute (from `Makefile', line 63):
	@$(CC) $(CFLAGS) -c $< -o $@
	

# Not a target:
src/minishell3.c:
#  Implicit rule search has been done.
#  Last modified 2022-06-13 17:54:03
#  File has been updated.
#  Successfully updated.
# variable set hash-table stats:
# Load=0/32=0%, Rehash=0, Collisions=0/0=0%

builtins/echo3.o: builtins/echo3.c
#  Implicit rule search has been done.
#  Implicit/static pattern stem: `builtins/echo3'
#  File does not exist.
#  File has been updated.
#  Needs to be updated (-q is set).
# automatic
# @ := builtins/echo3.o
# automatic
# % := 
# automatic
# * := builtins/echo3
# automatic
# + := builtins/echo3.c
# automatic
# | := 
# automatic
# < := builtins/echo3.c
# automatic
# ^ := builtins/echo3.c
# automatic
# ? := builtins/echo3.c
# variable set hash-table stats:
# Load=8/32=25%, Rehash=0, Collisions=1/14=7%
#  commands to execute (from `Makefile', line 63):
	@$(CC) $(CFLAGS) -c $< -o $@
	

src/pipe.o: src/pipe.c
#  Implicit rule search has been done.
#  Implicit/static pattern stem: `src/pipe'
#  Last modified 2022-06-13 19:08:44
#  File has been updated.
#  Successfully updated.
# variable set hash-table stats:
# Load=0/32=0%, Rehash=0, Collisions=0/0=0%
#  commands to execute (from `Makefile', line 63):
	@$(CC) $(CFLAGS) -c $< -o $@
	

all: minishell
#  Phony target (prerequisite of .PHONY).
#  Command-line target.
#  Implicit rule search has not been done.
#  File does not exist.
#  File has been updated.
#  Needs to be updated (-q is set).
# variable set hash-table stats:
# Load=0/32=0%, Rehash=0, Collisions=0/4=0%

# Not a target:
src/minishell.c:
#  Implicit rule search has been done.
#  Last modified 2022-06-13 18:17:22
#  File has been updated.
#  Successfully updated.
# variable set hash-table stats:
# Load=0/32=0%, Rehash=0, Collisions=0/0=0%

# Not a target:
builtins/pwd.o:
#  Implicit rule search has not been done.
#  Modification time never checked.
 
#  File has not been updated.

.PHONY: all clean fclean re
#  Implicit rule search has not been done.
#  Modification time never checked.
#  File has not been updated.

src/minishell5.o: src/minishell5.c
#  Implicit rule search has been done.
#  Implicit/static pattern stem: `src/minishell5'
#  Last modified 2022-06-13 19:08:44
#  File has been updated.
#  Successfully updated.
# variable set hash-table stats:
# Load=0/32=0%, Rehash=0, Collisions=0/0=0%
#  commands to execute (from `Makefile', line 63):
	@$(CC) $(CFLAGS) -c $< -o $@
	

src/main.o: src/main.c
#  Implicit rule search has been done.
#  Implicit/static pattern stem: `src/main'
#  Last modified 2022-06-13 19:08:44
#  File has been updated.
#  Successfully updated.
# variable set hash-table stats:
# Load=0/32=0%, Rehash=0, Collisions=0/0=0%
#  commands to execute (from `Makefile', line 63):
	@$(CC) $(CFLAGS) -c $< -o $@
	

src/minishell2.o: src/minishell2.c
#  Implicit rule search has been done.
#  Implicit/static pattern stem: `src/minishell2'
#  Last modified 2022-06-13 19:08:44
#  File has been updated.
#  Successfully updated.
# variable set hash-table stats:
# Load=0/32=0%, Rehash=0, Collisions=0/0=0%
#  commands to execute (from `Makefile', line 63):
	@$(CC) $(CFLAGS) -c $< -o $@
	

builtins/echo.o: builtins/echo.c
#  Implicit rule search has been done.
#  Implicit/static pattern stem: `builtins/echo'
#  Last modified 2022-06-13 19:08:44
#  File has been updated.
#  Successfully updated.
# variable set hash-table stats:
# Load=0/32=0%, Rehash=0, Collisions=0/0=0%
#  commands to execute (from `Makefile', line 63):
	@$(CC) $(CFLAGS) -c $< -o $@
	

# Not a target:
src/init_environ.c:
#  Implicit rule search has been done.
#  Last modified 2022-06-11 22:45:48
#  File has been updated.
#  Successfully updated.
# variable set hash-table stats:
# Load=0/32=0%, Rehash=0, Collisions=0/0=0%

# Not a target:
.SUFFIXES:
#  Implicit rule search has not been done.
#  Modification time never checked.
#  File has not been updated.

src/minishell7.o: src/minishell7.c
#  Implicit rule search has been done.
#  Implicit/static pattern stem: `src/minishell7'
#  Last modified 2022-06-13 19:08:44
#  File has been updated.
#  Successfully updated.
# variable set hash-table stats:
# Load=0/32=0%, Rehash=0, Collisions=0/0=0%
#  commands to execute (from `Makefile', line 63):
	@$(CC) $(CFLAGS) -c $< -o $@
	

# Not a target:
Makefile:
#  Implicit rule search has been done.
#  Last modified 2022-06-13 19:09:44
#  File has been updated.
#  Successfully updated.
# variable set hash-table stats:
# Load=0/32=0%, Rehash=0, Collisions=0/0=0%

# Not a target:
src/wildcard2.c:
#  Implicit rule search has been done.
#  Last modified 2022-06-12 22:24:44
#  File has been updated.
#  Successfully updated.
# variable set hash-table stats:
# Load=0/32=0%, Rehash=0, Collisions=0/0=0%

# Not a target:
src/utils2.c:
#  Implicit rule search has been done.
#  Last modified 2022-06-11 00:05:44
#  File has been updated.
#  Successfully updated.
# variable set hash-table stats:
# Load=0/32=0%, Rehash=0, Collisions=0/0=0%

minishell: src/main.o src/utils.o src/utils2.o src/init_environ.o src/minishell.o src/minishell2.o src/minishell3.o src/minishell4.o src/minishell5.o src/minishell6.o src/minishell7.o src/pipe.o src/wildcard.o src/wildcard2.o src/wildcard3.o builtins/cd.o builtins/echo.o builtins/echo2.o builtins/echo3.o builtins/echo4.o builtins/pwd.o builtins/env.o builtins/exit.o builtins/export.o builtins/unset.o
#  Implicit rule search has not been done.
#  File does not exist.
#  File has been updated.
#  Needs to be updated (-q is set).
# variable set hash-table stats:
# Load=0/32=0%, Rehash=0, Collisions=0/4=0%
#  commands to execute (from `Makefile', line 57):
	@make -C libft/
	@printf "\e[92mBuilding $(NAME)...\e[39m\n"
	@$(CC) $(CFLAGS) -o $(NAME) $(LIBFT) $(OBJ) $(READLINE)
	@printf "\e[102mEverything has been compiled, use './minishell' to run the program!\e[0m\n"
	

src/wildcard3.o: src/wildcard3.c
#  Implicit rule search has been done.
#  Implicit/static pattern stem: `src/wildcard3'
#  Last modified 2022-06-13 19:08:44
#  File has been updated.
#  Successfully updated.
# variable set hash-table stats:
# Load=0/32=0%, Rehash=0, Collisions=0/0=0%
#  commands to execute (from `Makefile', line 63):
	@$(CC) $(CFLAGS) -c $< -o $@
	

# Not a target:
builtins/echo3.c:
#  Implicit rule search has been done.
#  Last modified 2022-06-13 19:04:26
#  File has been updated.
#  Successfully updated.
# variable set hash-table stats:
# Load=0/32=0%, Rehash=0, Collisions=0/0=0%

# Not a target:
src/pipe.c:
#  Implicit rule search has been done.
#  Last modified 2022-06-12 03:14:19
#  File has been updated.
#  Successfully updated.
# variable set hash-table stats:
# Load=0/32=0%, Rehash=0, Collisions=0/0=0%

src/minishell4.o: src/minishell4.c
#  Implicit rule search has been done.
#  Implicit/static pattern stem: `src/minishell4'
#  Last modified 2022-06-13 19:08:44
#  File has been updated.
#  Successfully updated.
# variable set hash-table stats:
# Load=0/32=0%, Rehash=0, Collisions=0/0=0%
#  commands to execute (from `Makefile', line 63):
	@$(CC) $(CFLAGS) -c $< -o $@
	

fclean: clean
#  Phony target (prerequisite of .PHONY).
#  Implicit rule search has not been done.
#  File does not exist.
#  File has not been updated.
#  commands to execute (from `Makefile', line 75):
	@printf "\e[91mCleaning Minishell...\e[39m\n"
	@$(RM) $(NAME)
	@printf "\e[91mCleaning Libft...\e[39m\n"
	@make fclean -C ./libft
	@printf "\e[101mAll executables and libraries have been deleted\e[0m\n"
	

# Not a target:
builtins/cd.c:
#  Implicit rule search has been done.
#  Last modified 2022-06-13 18:40:41
#  File has been updated.
#  Successfully updated.
# variable set hash-table stats:
# Load=0/32=0%, Rehash=0, Collisions=0/0=0%

# Not a target:
src/minishell5.c:
#  Implicit rule search has been done.
#  Last modified 2022-06-13 17:54:03
#  File has been updated.
#  Successfully updated.
# variable set hash-table stats:
# Load=0/32=0%, Rehash=0, Collisions=0/0=0%

# Not a target:
src/main.c:
#  Implicit rule search has been done.
#  Last modified 2022-06-13 18:20:49
#  File has been updated.
#  Successfully updated.
# variable set hash-table stats:
# Load=0/32=0%, Rehash=0, Collisions=0/0=0%

src/minishell6.o: src/minishell6.c
#  Implicit rule search has been done.
#  Implicit/static pattern stem: `src/minishell6'
#  Last modified 2022-06-13 19:08:44
#  File has been updated.
#  Successfully updated.
# variable set hash-table stats:
# Load=0/32=0%, Rehash=0, Collisions=0/0=0%
#  commands to execute (from `Makefile', line 63):
	@$(CC) $(CFLAGS) -c $< -o $@
	

# Not a target:
src/minishell2.c:
#  Implicit rule search has been done.
#  Last modified 2022-06-12 03:49:02
#  File has been updated.
#  Successfully updated.
# variable set hash-table stats:
# Load=0/32=0%, Rehash=0, Collisions=0/0=0%

# Not a target:
builtins/env.o:
#  Implicit rule search has not been done.
#  Modification time never checked.
#  File has not been updated.

# Not a target:
builtins/echo.c:
#  Implicit rule search has been done.
#  Last modified 2022-06-13 19:08:39
#  File has been updated.
#  Successfully updated.
# variable set hash-table stats:
# Load=0/32=0%, Rehash=0, Collisions=0/0=0%

# Not a target:
builtins/exit.o:
#  Implicit rule search has not been done.
#  Modification time never checked.
#  File has not been updated.

src/utils.o: src/utils.c
#  Implicit rule search has been done.
#  Implicit/static pattern stem: `src/utils'
#  Last modified 2022-06-13 19:08:44
#  File has been updated.
#  Successfully updated.
# variable set hash-table stats:
# Load=0/32=0%, Rehash=0, Collisions=0/0=0%
#  commands to execute (from `Makefile', line 63):
	@$(CC) $(CFLAGS) -c $< -o $@
	

# Not a target:
.DEFAULT:
#  Implicit rule search has not been done.
#  Modification time never checked.
#  File has not been updated.

src/minishell3.o: src/minishell3.c
#  Implicit rule search has been done.
#  Implicit/static pattern stem: `src/minishell3'
#  Last modified 2022-06-13 19:08:44
#  File has been updated.
#  Successfully updated.
# variable set hash-table stats:
 
# Load=0/32=0%, Rehash=0, Collisions=0/0=0%
#  commands to execute (from `Makefile', line 63):
	@$(CC) $(CFLAGS) -c $< -o $@
	

# Not a target:
src/minishell7.c:
#  Implicit rule search has been done.
#  Last modified 2022-06-11 00:05:44
#  File has been updated.
#  Successfully updated.
# variable set hash-table stats:
# Load=0/32=0%, Rehash=0, Collisions=0/0=0%

src/wildcard.o: src/wildcard.c
#  Implicit rule search has been done.
#  Implicit/static pattern stem: `src/wildcard'
#  Last modified 2022-06-13 19:08:44
#  File has been updated.
#  Successfully updated.
# variable set hash-table stats:
# Load=0/32=0%, Rehash=0, Collisions=0/0=0%
#  commands to execute (from `Makefile', line 63):
	@$(CC) $(CFLAGS) -c $< -o $@
	

builtins/echo2.o: builtins/echo2.c
#  Implicit rule search has been done.
#  Implicit/static pattern stem: `builtins/echo2'
#  Last modified 2022-06-13 19:09:46
#  File has been updated.
#  Successfully updated.
# variable set hash-table stats:
# Load=0/32=0%, Rehash=0, Collisions=0/0=0%
#  commands to execute (from `Makefile', line 63):
	@$(CC) $(CFLAGS) -c $< -o $@
	

re: fclean all
#  Phony target (prerequisite of .PHONY).
#  Implicit rule search has not been done.
#  File does not exist.
#  File has not been updated.

clean:
#  Phony target (prerequisite of .PHONY).
#  Implicit rule search has not been done.
#  File does not exist.
#  File has not been updated.
#  commands to execute (from `Makefile', line 68):
	@printf "\e[93mCleaning Minishell objects...\e[39m\n"
	@$(RM) $(OBJ) $(OBJ2)
	@printf "\e[93mCleaning Libft objects...\e[39m\n"
	@make clean -C ./libft
	@printf "\e[103mAll objects have been deleted\e[0m\n"
	

# Not a target:
builtins/unset.o:
#  Implicit rule search has not been done.
#  Modification time never checked.
#  File has not been updated.

src/minishell.o: src/minishell.c
#  Implicit rule search has been done.
#  Implicit/static pattern stem: `src/minishell'
#  Last modified 2022-06-13 19:08:44
#  File has been updated.
#  Successfully updated.
# variable set hash-table stats:
# Load=0/32=0%, Rehash=0, Collisions=0/0=0%
#  commands to execute (from `Makefile', line 63):
	@$(CC) $(CFLAGS) -c $< -o $@
	

# Not a target:
src/wildcard3.c:
#  Implicit rule search has been done.
#  Last modified 2022-06-11 00:05:44
#  File has been updated.
#  Successfully updated.
# variable set hash-table stats:
# Load=0/32=0%, Rehash=0, Collisions=0/0=0%

builtins/cd.o: builtins/cd.c
#  Implicit rule search has been done.
#  Implicit/static pattern stem: `builtins/cd'
#  Last modified 2022-06-13 19:08:44
#  File has been updated.
#  Successfully updated.
# variable set hash-table stats:
# Load=0/32=0%, Rehash=0, Collisions=0/0=0%
#  commands to execute (from `Makefile', line 63):
	@$(CC) $(CFLAGS) -c $< -o $@
	

# Not a target:
src/minishell4.c:
#  Implicit rule search has been done.
#  Last modified 2022-06-13 18:30:11
#  File has been updated.
#  Successfully updated.
# variable set hash-table stats:
# Load=0/32=0%, Rehash=0, Collisions=0/0=0%

src/init_environ.o: src/init_environ.c
#  Implicit rule search has been done.
#  Implicit/static pattern stem: `src/init_environ'
#  Last modified 2022-06-13 19:08:44
#  File has been updated.
#  Successfully updated.
# variable set hash-table stats:
# Load=0/32=0%, Rehash=0, Collisions=0/0=0%
#  commands to execute (from `Makefile', line 63):
	@$(CC) $(CFLAGS) -c $< -o $@
	

# Not a target:
src/minishell6.c:
#  Implicit rule search has been done.
#  Last modified 2022-06-12 04:21:40
#  File has been updated.
#  Successfully updated.
# variable set hash-table stats:
# Load=0/32=0%, Rehash=0, Collisions=0/0=0%

# Not a target:
builtins/export.o:
#  Implicit rule search has not been done.
#  Modification time never checked.
#  File has not been updated.

# Not a target:
src/utils.c:
#  Implicit rule search has been done.
#  Last modified 2022-06-13 17:54:03
#  File has been updated.
#  Successfully updated.
# variable set hash-table stats:
# Load=0/32=0%, Rehash=0, Collisions=0/0=0%

# Not a target:
builtins/echo4.o:
#  Implicit rule search has not been done.
#  Modification time never checked.
#  File has not been updated.

# Not a target:
src/wildcard.c:
#  Implicit rule search has been done.
#  Last modified 2022-06-12 22:06:21
#  File has been updated.
#  Successfully updated.
# variable set hash-table stats:
# Load=0/32=0%, Rehash=0, Collisions=0/0=0%

# files hash-table stats:
# Load=53/1024=5%, Rehash=0, Collisions=10/156=6%
# VPATH Search Paths

# No `vpath' search paths.

# No general (`VPATH' variable) search path.

# # of strings in strcache: 1
# # of strcache buffers: 1
# strcache size: total = 4096 / max = 4096 / min = 4096 / avg = 4096
# strcache free: total = 4087 / max = 4087 / min = 4087 / avg = 4087

# Finished Make data base on Mon Jun 13 19:09:49 2022

 
